<?xml version="1.0" encoding="UTF-8"?>
<!-- Generated by org.testng.reporters.JUnitReportReporter -->
<testsuite skipped="0" hostname="XIPL0428" name="example.NewTest" tests="1" failures="0" timestamp="18 Feb 2019 07:53:14 GMT" time="1.657" errors="0">
  <testcase name="testEasy" time="1.657" classname="example.NewTest"/>
</testsuite> <!-- example.NewTest -->
